<?xml version="1.0" encoding="UTF-8"?>
<!-- Generated by org.testng.reporters.JUnitReportReporter -->
<testsuite hostname="LAPTOP-A39METFF" failures="0" tests="1" name="com.project.testcase.LoginTest" time="1.384" errors="0" timestamp="2022-12-29T15:08:48 IST" skipped="0">
  <testcase classname="com.project.testcase.LoginTest" name="loginAsBankManager" time="1.384"/>
  <system-out/>
</testsuite> <!-- com.project.testcase.LoginTest -->
