<?xml version="1.0" encoding="UTF-8"?>
<!-- Generated by org.testng.reporters.JUnitReportReporter -->
<testsuite hostname="LAPTOP-A39METFF" failures="0" tests="1" name="com.project.testcase.AddCustomerTest" time="1.064" errors="0" timestamp="2023-01-12T14:31:30 IST" skipped="0">
  <testcase classname="com.project.testcase.AddCustomerTest" name="addCustomer" time="1.064"/>
  <system-out/>
</testsuite> <!-- com.project.testcase.AddCustomerTest -->
