<?xml version="1.0" encoding="UTF-8"?>
<!-- Generated by org.testng.reporters.JUnitReportReporter -->
<testsuite hostname="LAPTOP-A39METFF" failures="0" tests="1" name="com.project.testcase.BankManagerLoginTest" time="2.245" errors="0" timestamp="2023-01-12T14:31:30 IST" skipped="0">
  <testcase classname="com.project.testcase.BankManagerLoginTest" name="loginAsBankManager" time="2.245"/>
  <system-out>
    <![CDATA[login successfully executed
<a target="_blank"href="C:\Users\santo\Pictures\Screenshots\qqq.jpg">Screenshot</a>]]>
  </system-out>
</testsuite> <!-- com.project.testcase.BankManagerLoginTest -->
