<?xml version="1.0" encoding="UTF-8"?>
<!-- Generated by org.testng.reporters.JUnitReportReporter -->
<testsuite skipped="0" hostname="INHYNSVITIKALA2" name="TestNG.Learnassert" tests="1" failures="0" timestamp="2020-12-01T20:06:48 IST" time="3.383" errors="0">
  <testcase name="verifyTitle" time="3.383" classname="TestNG.Learnassert"/>
  <system-out/>
</testsuite> <!-- TestNG.Learnassert -->
