<?xml version="1.0" encoding="UTF-8"?>
<!-- Generated by org.testng.reporters.JUnitReportReporter -->
<testsuite hostname="DESKTOP-28BNSTR" failures="0" tests="1" name="TestNG.spicejetoneway" time="45.793" errors="0" timestamp="2022-12-06T10:58:27 IST" skipped="0">
  <testcase classname="TestNG.spicejetoneway" name="onewaytrip" time="45.793"/>
  <system-out/>
</testsuite> <!-- TestNG.spicejetoneway -->
