<?xml version="1.0" encoding="UTF-8"?>
<!-- Generated by org.testng.reporters.JUnitReportReporter -->
<testsuite skipped="1" hostname="INHYNSVITIKALA2" name="datadriven.DataProviderfromexcel" tests="1" failures="0" timestamp="2021-06-30T18:26:11 IST" time="0.000" errors="0">
  <testcase name="VerifyInvalidLogin" time="0.000" classname="datadriven.DataProviderfromexcel">
    <skipped/>
  </testcase> <!-- VerifyInvalidLogin -->
  <system-out/>
</testsuite> <!-- datadriven.DataProviderfromexcel -->
