<?xml version="1.0" encoding="UTF-8"?>
<!-- Generated by org.testng.reporters.JUnitReportReporter -->
<testsuite hostname="LAPTOP-A39METFF" failures="0" tests="3" name="Batch2Automation.Dataproviderprg" time="0.020" errors="0" timestamp="2023-01-20T11:43:03 IST" skipped="0">
  <testcase classname="Batch2Automation.Dataproviderprg" name="f" time="0.003"/>
  <system-out/>
  <testcase classname="Batch2Automation.Dataproviderprg" name="f" time="0.012"/>
  <system-out/>
  <testcase classname="Batch2Automation.Dataproviderprg" name="f" time="0.005"/>
  <system-out/>
</testsuite> <!-- Batch2Automation.Dataproviderprg -->
