<?xml version="1.0" encoding="UTF-8"?>
<!-- Generated by org.testng.reporters.JUnitReportReporter -->
<testsuite hostname="DESKTOP-28BNSTR" failures="0" tests="1" name="TestNG.getalllinkandclick" time="35.869" errors="0" timestamp="2022-09-15T08:38:40 IST" skipped="0">
  <testcase classname="TestNG.getalllinkandclick" name="f" time="35.869"/>
  <system-out/>
</testsuite> <!-- TestNG.getalllinkandclick -->
