<?xml version="1.0" encoding="UTF-8"?>
<!-- Generated by org.testng.reporters.JUnitReportReporter -->
<testsuite hostname="DESKTOP-28BNSTR" failures="0" tests="1" name="TestNG.Informationcommands" time="2.366" errors="0" timestamp="2022-09-13T19:30:11 IST" skipped="0">
  <testcase classname="TestNG.Informationcommands" name="f" time="2.366"/>
  <system-out/>
</testsuite> <!-- TestNG.Informationcommands -->
