<?xml version="1.0" encoding="UTF-8"?>
<!-- Generated by org.testng.reporters.JUnitReportReporter -->
<testsuite skipped="1" hostname="INHYNSVITIKALA2" name="TestNG.validationprg" tests="2" failures="0" timestamp="2020-12-01T19:55:56 IST" time="0.164" errors="0">
  <testcase name="verifyUsername" time="0.164" classname="TestNG.validationprg"/>
  <system-out/>
  <testcase name="f" classname="TestNG.validationprg">
    <skipped/>
  </testcase> <!-- f -->
  <system-out/>
</testsuite> <!-- TestNG.validationprg -->
