<?xml version="1.0" encoding="UTF-8"?>
<!-- Generated by org.testng.reporters.JUnitReportReporter -->
<testsuite hostname="DESKTOP-28BNSTR" failures="0" tests="1" name="TestNG.maxmin" time="7.968" errors="0" timestamp="2022-12-08T10:47:13 IST" skipped="0">
  <testcase classname="TestNG.maxmin" name="f" time="7.968"/>
  <system-out/>
</testsuite> <!-- TestNG.maxmin -->
