<?xml version="1.0" encoding="UTF-8"?>
<!-- Generated by org.testng.reporters.JUnitReportReporter -->
<testsuite hostname="Saritha-PC" name="TestNG.TestAnnotation" tests="2" failures="0" timestamp="15 Apr 2016 01:27:51 GMT" time="0.014" errors="0">
  <testcase name="f1" time="0.011" classname="TestNG.TestAnnotation"/>
  <testcase name="f2" time="0.003" classname="TestNG.TestAnnotation"/>
</testsuite> <!-- TestNG.TestAnnotation -->
