<?xml version="1.0" encoding="UTF-8"?>
<!-- Generated by org.testng.reporters.JUnitReportReporter -->
<testsuite hostname="LAPTOP-A39METFF" failures="0" tests="13" name="datadriven.priority" time="0.042" errors="0" timestamp="2023-01-20T11:59:35 IST" skipped="0">
  <testcase classname="datadriven.priority" name="f2" time="0.009"/>
  <system-out/>
  <testcase classname="datadriven.priority" name="f3" time="0.002"/>
  <system-out/>
  <testcase classname="datadriven.priority" name="f3" time="0.001"/>
  <system-out/>
  <testcase classname="datadriven.priority" name="f3" time="0.003"/>
  <system-out/>
  <testcase classname="datadriven.priority" name="f3" time="0.002"/>
  <system-out/>
  <testcase classname="datadriven.priority" name="f3" time="0.002"/>
  <system-out/>
  <testcase classname="datadriven.priority" name="f3" time="0.004"/>
  <system-out/>
  <testcase classname="datadriven.priority" name="f3" time="0.007"/>
  <system-out/>
  <testcase classname="datadriven.priority" name="f3" time="0.005"/>
  <system-out/>
  <testcase classname="datadriven.priority" name="f3" time="0.001"/>
  <system-out/>
  <testcase classname="datadriven.priority" name="f3" time="0.003"/>
  <system-out/>
  <testcase classname="datadriven.priority" name="f1" time="0.002"/>
  <system-out/>
  <testcase classname="datadriven.priority" name="f" time="0.001"/>
  <system-out/>
</testsuite> <!-- datadriven.priority -->
