<?xml version="1.0" encoding="UTF-8"?>
<!-- Generated by org.testng.reporters.JUnitReportReporter -->
<testsuite hostname="SARITHA-PC" name="TestNG.PrintDropdowns_TextBoxes_Buttons_RB" tests="4" failures="0" timestamp="22 Jan 2016 03:36:21 GMT" time="1.919" errors="0">
  <testcase name="printDropdowns" time="0.116" classname="TestNG.PrintDropdowns_TextBoxes_Buttons_RB"/>
  <testcase name="printTextBoxes_Buttons_RB_Checkboxes" time="1.027" classname="TestNG.PrintDropdowns_TextBoxes_Buttons_RB"/>
  <testcase name="printDisplaynames" time="0.735" classname="TestNG.PrintDropdowns_TextBoxes_Buttons_RB"/>
  <testcase name="printTextBoxes" time="0.041" classname="TestNG.PrintDropdowns_TextBoxes_Buttons_RB"/>
</testsuite> <!-- TestNG.PrintDropdowns_TextBoxes_Buttons_RB -->
