<?xml version="1.0" encoding="UTF-8"?>
<!-- Generated by org.testng.reporters.JUnitReportReporter -->
<testsuite hostname="DESKTOP-28BNSTR" failures="0" tests="3" name="TestNG.NewDataprovider6pm" time="0.023" errors="0" timestamp="2022-07-10T18:23:30 IST" skipped="0">
  <testcase classname="TestNG.NewDataprovider6pm" name="loginmethod" time="0.015"/>
  <system-out/>
  <testcase classname="TestNG.NewDataprovider6pm" name="loginmethod" time="0.005"/>
  <system-out/>
  <testcase classname="TestNG.NewDataprovider6pm" name="loginmethod" time="0.003"/>
  <system-out/>
</testsuite> <!-- TestNG.NewDataprovider6pm -->
