<?xml version="1.0" encoding="UTF-8"?>
<!-- Generated by org.testng.reporters.JUnitReportReporter -->
<testsuite hostname="SARITHA-PC" name="webdriver.Spicehome" tests="1" failures="0" timestamp="24 Jun 2015 13:52:21 GMT" time="9.412" errors="0">
  <testcase name="verifytextbox" time="9.412" classname="webdriver.Spicehome"/>
</testsuite> <!-- webdriver.Spicehome -->
