<?xml version="1.0" encoding="UTF-8"?>
<!-- Generated by org.testng.reporters.JUnitReportReporter -->
<testsuite hostname="SARITHA-PC" name="TestNG.Googlesearch" tests="1" failures="0" timestamp="24 Jan 2016 10:33:59 GMT" time="5.128" errors="0">
  <testcase name="f" time="5.128" classname="TestNG.Googlesearch"/>
</testsuite> <!-- TestNG.Googlesearch -->
