<?xml version="1.0" encoding="UTF-8"?>
<!-- Generated by org.testng.reporters.JUnitReportReporter -->
<testsuite hostname="DESKTOP-28BNSTR" failures="0" tests="1" name="TestNG.Explicitywaitprg" time="7.243" errors="0" timestamp="2022-12-08T10:55:19 IST" skipped="0">
  <testcase classname="TestNG.Explicitywaitprg" name="f" time="7.243"/>
  <system-out/>
</testsuite> <!-- TestNG.Explicitywaitprg -->
