<?xml version="1.0" encoding="UTF-8"?>
<!-- Generated by org.testng.reporters.JUnitReportReporter -->
<testsuite skipped="0" hostname="INHYNSVITIKALA2" name="datadriven.step2" tests="1" failures="0" timestamp="2021-09-30T06:01:09 IST" time="1.128" errors="0">
  <testcase name="f" time="1.128" classname="datadriven.step2"/>
  <system-out/>
</testsuite> <!-- datadriven.step2 -->
