<?xml version="1.0" encoding="UTF-8"?>
<!-- Generated by org.testng.reporters.JUnitReportReporter -->
<testsuite hostname="Saritha-PC" name="TestNG.AjaxReverse" tests="1" failures="0" timestamp="11 Apr 2016 01:24:28 GMT" time="2.768" errors="0">
  <testcase name="Verifytext" time="2.768" classname="TestNG.AjaxReverse"/>
</testsuite> <!-- TestNG.AjaxReverse -->
