<?xml version="1.0" encoding="UTF-8"?>
<!-- Generated by org.testng.reporters.JUnitReportReporter -->
<testsuite hostname="DESKTOP-28BNSTR" failures="0" tests="1" name="TestNG.LinkonWebpage" time="5.562" errors="0" timestamp="2022-12-15T10:51:43 IST" skipped="0">
  <testcase classname="TestNG.LinkonWebpage" name="f" time="5.562"/>
  <system-out/>
</testsuite> <!-- TestNG.LinkonWebpage -->
