<?xml version="1.0" encoding="UTF-8"?>
<!-- Generated by org.testng.reporters.JUnitReportReporter -->
<testsuite hostname="DESKTOP-28BNSTR" failures="0" tests="1" name="TestNG.Confirmbox" time="0.196" errors="0" timestamp="2022-12-07T10:32:04 IST" skipped="0">
  <testcase classname="TestNG.Confirmbox" name="f" time="0.196"/>
  <system-out/>
</testsuite> <!-- TestNG.Confirmbox -->
