<?xml version="1.0" encoding="UTF-8"?>
<!-- Generated by org.testng.reporters.JUnitReportReporter -->
<testsuite hostname="LAPTOP-A39METFF" failures="0" tests="1" name="TestNG.assertpg" time="0.012" errors="0" timestamp="2023-05-02T15:58:39 IST" skipped="0">
  <testcase classname="TestNG.assertpg" name="check" time="0.012"/>
  <system-out/>
</testsuite> <!-- TestNG.assertpg -->
