<?xml version="1.0" encoding="UTF-8"?>
<!-- Generated by org.testng.reporters.JUnitReportReporter -->
<testsuite hostname="DESKTOP-28BNSTR" failures="0" tests="1" name="TestNG.facebookdaydropdown" time="13.601" errors="0" timestamp="2022-09-11T12:06:52 IST" skipped="0">
  <testcase classname="TestNG.facebookdaydropdown" name="f" time="13.601"/>
  <system-out/>
</testsuite> <!-- TestNG.facebookdaydropdown -->
