<?xml version="1.0" encoding="UTF-8"?>
<!-- Generated by org.testng.reporters.JUnitReportReporter -->
<testsuite skipped="0" hostname="INHYNSVITIKALA2" name="TestNG.goosearch" tests="1" failures="0" timestamp="2021-05-19T12:57:51 IST" time="12.139" errors="0">
  <testcase name="googlesearch" time="12.139" classname="TestNG.goosearch"/>
  <system-out/>
</testsuite> <!-- TestNG.goosearch -->
