<?xml version="1.0" encoding="UTF-8"?>
<!-- Generated by org.testng.reporters.JUnitReportReporter -->
<testsuite hostname="SARITHA-PC" name="TestNG.NewTest" tests="1" failures="0" timestamp="23 Jun 2015 14:09:16 GMT" time="0.050" errors="0">
  <testcase name="f" time="0.050" classname="TestNG.NewTest"/>
</testsuite> <!-- TestNG.NewTest -->
