<?xml version="1.0" encoding="UTF-8"?>
<!-- Generated by org.testng.reporters.JUnitReportReporter -->
<testsuite hostname="DESKTOP-28BNSTR" failures="0" tests="1" name="TestNG.assertpg" time="0.017" errors="0" timestamp="2022-08-29T20:25:03 IST" skipped="0">
  <testcase classname="TestNG.assertpg" name="check" time="0.017"/>
  <system-out/>
</testsuite> <!-- TestNG.assertpg -->
