<?xml version="1.0" encoding="UTF-8"?>
<!-- Generated by org.testng.reporters.JUnitReportReporter -->
<testsuite skipped="0" hostname="INHYNSVITIKALA2" name="datadriven.step1" tests="1" failures="0" timestamp="2021-09-30T05:53:05 IST" time="1.112" errors="0">
  <testcase name="step1" time="1.112" classname="datadriven.step1"/>
  <system-out/>
</testsuite> <!-- datadriven.step1 -->
