<?xml version="1.0" encoding="UTF-8"?>
<!-- Generated by org.testng.reporters.JUnitReportReporter -->
<testsuite hostname="SARITHA-PC" name="sikuli.Sample" tests="1" failures="1" timestamp="4 Jul 2015 07:55:30 GMT" time="0.567" errors="0">
  <testcase name="f" time="0.567" classname="sikuli.Sample">
    <failure type="java.lang.UnsatisfiedLinkError" message="C:\Program Files (x86)\Sikuli X\libs\Win32Util.dll: Can&#039;t load IA 32-bit .dll on a AMD 64-bit platform">
      <![CDATA[java.lang.UnsatisfiedLinkError: C:\Program Files (x86)\Sikuli X\libs\Win32Util.dll: Can't load IA 32-bit .dll on a AMD 64-bit platform
	at java.lang.ClassLoader$NativeLibrary.load(Native Method)
	at java.lang.ClassLoader.loadLibrary0(Unknown Source)
	at java.lang.ClassLoader.loadLibrary(Unknown Source)
	at java.lang.Runtime.load0(Unknown Source)
	at java.lang.System.load(Unknown Source)
	at com.wapmx.nativeutils.jniloader.NativeLoader.loadLibrary(NativeLoader.java:44)
	at org.sikuli.script.Win32Util.<clinit>(Win32Util.java:19)
	at java.lang.Class.forName0(Native Method)
	at java.lang.Class.forName(Unknown Source)
	at org.sikuli.script.Env.getOSUtil(Env.java:91)
	at org.sikuli.script.ScreenHighlighter.init(ScreenHighlighter.java:180)
	at org.sikuli.script.ScreenHighlighter.<init>(ScreenHighlighter.java:293)
	at org.sikuli.script.Screen.initBounds(Screen.java:105)
	at org.sikuli.script.Screen.<init>(Screen.java:117)
	at sikuli.Sample.f(Sample.java:10)
	at sun.reflect.NativeMethodAccessorImpl.invoke0(Native Method)
	at sun.reflect.NativeMethodAccessorImpl.invoke(Unknown Source)
	at sun.reflect.DelegatingMethodAccessorImpl.invoke(Unknown Source)
	at java.lang.reflect.Method.invoke(Unknown Source)
	at org.testng.internal.MethodInvocationHelper.invokeMethod(MethodInvocationHelper.java:84)
	at org.testng.internal.Invoker.invokeMethod(Invoker.java:714)
	at org.testng.internal.Invoker.invokeTestMethod(Invoker.java:901)
	at org.testng.internal.Invoker.invokeTestMethods(Invoker.java:1231)
	at org.testng.internal.TestMethodWorker.invokeTestMethods(TestMethodWorker.java:127)
	at org.testng.internal.TestMethodWorker.run(TestMethodWorker.java:111)
	at org.testng.TestRunner.privateRun(TestRunner.java:767)
	at org.testng.TestRunner.run(TestRunner.java:617)
	at org.testng.SuiteRunner.runTest(SuiteRunner.java:334)
	at org.testng.SuiteRunner.runSequentially(SuiteRunner.java:329)
	at org.testng.SuiteRunner.privateRun(SuiteRunner.java:291)
	at org.testng.SuiteRunner.run(SuiteRunner.java:240)
	at org.testng.SuiteRunnerWorker.runSuite(SuiteRunnerWorker.java:52)
	at org.testng.SuiteRunnerWorker.run(SuiteRunnerWorker.java:86)
	at org.testng.TestNG.runSuitesSequentially(TestNG.java:1224)
	at org.testng.TestNG.runSuitesLocally(TestNG.java:1149)
	at org.testng.TestNG.run(TestNG.java:1057)
	at org.testng.remote.RemoteTestNG.run(RemoteTestNG.java:111)
	at org.testng.remote.RemoteTestNG.initAndRun(RemoteTestNG.java:204)
	at org.testng.remote.RemoteTestNG.main(RemoteTestNG.java:175)
]]>
    </failure>
  </testcase> <!-- f -->
</testsuite> <!-- sikuli.Sample -->
