<?xml version="1.0" encoding="UTF-8"?>
<!-- Generated by org.testng.reporters.JUnitReportReporter -->
<testsuite hostname="SARITHA-PC" name="TestNG.Firstprg" tests="1" failures="0" timestamp="7 Feb 2016 02:11:30 GMT" time="0.506" errors="0">
  <testcase name="f" time="0.506" classname="TestNG.Firstprg"/>
</testsuite> <!-- TestNG.Firstprg -->
