<?xml version="1.0" encoding="UTF-8"?>
<!-- Generated by org.testng.reporters.JUnitReportReporter -->
<testsuite hostname="DESKTOP-28BNSTR" failures="0" tests="1" name="TestNG.RightClickactions" time="4.564" errors="0" timestamp="2022-10-18T09:16:39 IST" skipped="0">
  <testcase classname="TestNG.RightClickactions" name="f" time="4.564"/>
  <system-out/>
</testsuite> <!-- TestNG.RightClickactions -->
