<?xml version="1.0" encoding="UTF-8"?>
<!-- Generated by org.testng.reporters.JUnitReportReporter -->
<testsuite skipped="0" hostname="INHYNSVITIKALA2" name="TestNG.selectvalue" tests="1" failures="0" timestamp="2020-11-04T19:46:38 IST" time="0.584" errors="0">
  <testcase name="f" time="0.584" classname="TestNG.selectvalue"/>
  <system-out/>
</testsuite> <!-- TestNG.selectvalue -->
