<?xml version="1.0" encoding="UTF-8"?>
<!-- Generated by org.testng.reporters.JUnitReportReporter -->
<testsuite hostname="user-PC" name="TestNG.validateorgin" tests="1" failures="0" timestamp="25 Jun 2016 17:05:00 GMT" time="2.768" errors="0">
  <testcase name="f" time="2.768" classname="TestNG.validateorgin"/>
</testsuite> <!-- TestNG.validateorgin -->
