<?xml version="1.0" encoding="UTF-8"?>
<!-- Generated by org.testng.reporters.JUnitReportReporter -->
<testsuite hostname="DESKTOP-28BNSTR" failures="0" tests="1" name="TestNG.webtablesnoofrowscloumn" time="9.401" errors="0" timestamp="2022-12-13T10:21:00 IST" skipped="0">
  <testcase classname="TestNG.webtablesnoofrowscloumn" name="f" time="9.401"/>
  <system-out/>
</testsuite> <!-- TestNG.webtablesnoofrowscloumn -->
