<?xml version="1.0" encoding="UTF-8"?>
<!-- Generated by org.testng.reporters.JUnitReportReporter -->
<testsuite hostname="DESKTOP-28BNSTR" failures="0" tests="3" name="TestNG.Annotationprg12" time="0.023" errors="0" timestamp="2022-09-10T11:10:02 IST" skipped="0">
  <testcase classname="TestNG.Annotationprg12" name="gTest3" time="0.010"/>
  <system-out/>
  <testcase classname="TestNG.Annotationprg12" name="bTest2" time="0.007"/>
  <system-out/>
  <testcase classname="TestNG.Annotationprg12" name="vTest1" time="0.006"/>
  <system-out/>
</testsuite> <!-- TestNG.Annotationprg12 -->
