<?xml version="1.0" encoding="UTF-8"?>
<!-- Generated by org.testng.reporters.JUnitReportReporter -->
<testsuite hostname="SARITHA-PC" name="TestNG.spicepop" tests="2" failures="0" timestamp="11 Jan 2017 00:13:46 GMT" time="39.861" errors="0">
  <testcase name="test2" time="10.722" classname="TestNG.spicepop"/>
  <testcase name="test1" time="29.139" classname="TestNG.spicepop"/>
</testsuite> <!-- TestNG.spicepop -->
