<?xml version="1.0" encoding="UTF-8"?>
<!-- Generated by org.testng.reporters.JUnitReportReporter -->
<testsuite hostname="DESKTOP-28BNSTR" failures="0" tests="1" name="TestNG.dropdownmultiplevalue" time="8.776" errors="0" timestamp="2022-09-06T10:29:39 IST" skipped="0">
  <testcase classname="TestNG.dropdownmultiplevalue" name="f" time="8.776"/>
  <system-out/>
</testsuite> <!-- TestNG.dropdownmultiplevalue -->
