<?xml version="1.0" encoding="UTF-8"?>
<!-- Generated by org.testng.reporters.JUnitReportReporter -->
<testsuite hostname="DESKTOP-28BNSTR" failures="0" tests="1" name="TestNG.spicescreenshot" time="4.207" errors="0" timestamp="2022-09-23T10:45:50 IST" skipped="0">
  <testcase classname="TestNG.spicescreenshot" name="f" time="4.207"/>
  <system-out/>
</testsuite> <!-- TestNG.spicescreenshot -->
