<?xml version="1.0" encoding="UTF-8"?>
<!-- Generated by org.testng.reporters.JUnitReportReporter -->
<testsuite hostname="LAPTOP-A39METFF" failures="0" tests="3" name="datadriven.Dataprovider" time="0.015" errors="0" timestamp="2023-01-20T11:46:14 IST" skipped="0">
  <testcase classname="datadriven.Dataprovider" name="setData" time="0.002"/>
  <system-out/>
  <testcase classname="datadriven.Dataprovider" name="setData" time="0.011"/>
  <system-out/>
  <testcase classname="datadriven.Dataprovider" name="setData" time="0.002"/>
  <system-out/>
</testsuite> <!-- datadriven.Dataprovider -->
