<?xml version="1.0" encoding="UTF-8"?>
<!-- Generated by org.testng.reporters.JUnitReportReporter -->
<testsuite skipped="0" hostname="DESKTOP-3SL4LUB" name="testcases.Gmail" tests="3" failures="0" timestamp="06 Nov 2019 11:27:47 GMT" time="52.343" errors="0">
  <testcase name="launchBrowser" time="12.338" classname="testcases.Gmail"/>
  <testcase name="launchBrowser" time="17.852" classname="testcases.Gmail"/>
  <testcase name="launchBrowser" time="22.153" classname="testcases.Gmail"/>
</testsuite> <!-- testcases.Gmail -->
