<?xml version="1.0" encoding="UTF-8"?>
<!-- Generated by org.testng.reporters.JUnitReportReporter -->
<testsuite hostname="LAPTOP-A39METFF" failures="0" tests="1" name="TestNGpkg.Spicejet" time="13.473" errors="0" timestamp="2023-01-18T12:06:27 IST" skipped="0">
  <testcase classname="TestNGpkg.Spicejet" name="onewaytrip" time="13.473"/>
  <system-out/>
</testsuite> <!-- TestNGpkg.Spicejet -->
