<?xml version="1.0" encoding="UTF-8"?>
<!-- Generated by org.testng.reporters.JUnitReportReporter -->
<testsuite hostname="LAPTOP-A39METFF" failures="0" tests="3" name="TestNGpkg.TestNGprg" time="0.029" errors="0" timestamp="2022-12-08T12:58:23 IST" skipped="0">
  <testcase classname="TestNGpkg.TestNGprg" name="f" time="0.013"/>
  <system-out/>
  <testcase classname="TestNGpkg.TestNGprg" name="f2" time="0.010"/>
  <system-out/>
  <testcase classname="TestNGpkg.TestNGprg" name="f1" time="0.006"/>
  <system-out/>
</testsuite> <!-- TestNGpkg.TestNGprg -->
