<?xml version="1.0" encoding="UTF-8"?>
<!-- Generated by org.testng.reporters.JUnitReportReporter -->
<testsuite hostname="LAPTOP-A39METFF" failures="0" tests="1" name="TestNGpkg.WebTable" time="7.129" errors="0" timestamp="2022-12-27T17:41:43 IST" skipped="0">
  <testcase classname="TestNGpkg.WebTable" name="f" time="7.129"/>
  <system-out/>
</testsuite> <!-- TestNGpkg.WebTable -->
