<?xml version="1.0" encoding="UTF-8"?>
<!-- Generated by org.testng.reporters.JUnitReportReporter -->
<testsuite hostname="LAPTOP-A39METFF" failures="0" tests="1" name="TestNGpkg.WebTable" time="9.110" errors="0" timestamp="2023-01-30T14:19:52 IST" skipped="0">
  <testcase classname="TestNGpkg.WebTable" name="f" time="9.110"/>
  <system-out/>
</testsuite> <!-- TestNGpkg.WebTable -->
