<?xml version="1.0" encoding="UTF-8"?>
<!-- Generated by org.testng.reporters.JUnitReportReporter -->
<testsuite hostname="LAPTOP-A39METFF" failures="0" tests="1" name="TestNGpkg.iframework" time="4.882" errors="0" timestamp="2023-05-02T11:31:27 IST" skipped="0">
  <testcase classname="TestNGpkg.iframework" name="f" time="4.882"/>
  <system-out/>
</testsuite> <!-- TestNGpkg.iframework -->
