<?xml version="1.0" encoding="UTF-8"?>
<!-- Generated by org.testng.reporters.JUnitReportReporter -->
<testsuite hostname="LAPTOP-A39METFF" failures="0" tests="1" name="TestNGpkg.LinkonWebpage" time="4.436" errors="0" timestamp="2023-05-02T11:38:20 IST" skipped="0">
  <testcase classname="TestNGpkg.LinkonWebpage" name="f" time="4.436"/>
  <system-out/>
</testsuite> <!-- TestNGpkg.LinkonWebpage -->
