<?xml version="1.0" encoding="UTF-8"?>
<!-- Generated by org.testng.reporters.JUnitReportReporter -->
<testsuite hostname="LAPTOP-A39METFF" failures="0" tests="1" name="TestNGpkg.Facebook" time="4.381" errors="0" timestamp="2022-12-06T17:17:33 IST" skipped="0">
  <testcase classname="TestNGpkg.Facebook" name="facelogin" time="4.381"/>
  <system-out/>
</testsuite> <!-- TestNGpkg.Facebook -->
