<?xml version="1.0" encoding="UTF-8"?>
<!-- Generated by org.testng.reporters.JUnitReportReporter -->
<testsuite hostname="JAYANT-PC" failures="0" tests="2" name="tests.LoginTest" time="39.847" errors="0" timestamp="2023-05-09T07:51:28 IST" skipped="0">
  <testcase classname="tests.LoginTest" name="Login" time="25.016"/>
  <system-out/>
  <testcase classname="tests.LoginTest" name="Login" time="14.831"/>
  <system-out/>
</testsuite> <!-- tests.LoginTest -->
