<?xml version="1.0" encoding="UTF-8"?>
<!-- Generated by org.testng.reporters.JUnitReportReporter -->
<testsuite hostname="LAPTOP-A39METFF" failures="0" tests="1" name="com.w2a.testcases.BankManagerLoginTest" time="3.314" errors="0" timestamp="18 Jan 2023 09:32:10 GMT" skipped="0">
  <testcase classname="com.w2a.testcases.BankManagerLoginTest" name="bankManagerLoginTest" time="3.314"/>
</testsuite> <!-- com.w2a.testcases.BankManagerLoginTest -->
