<?xml version="1.0" encoding="UTF-8"?>
<!-- Generated by org.testng.reporters.JUnitReportReporter -->
<testsuite hostname="LAPTOP-A39METFF" failures="0" tests="1" name="com.project.testcase.BankManagerLoginTest" time="1.741" errors="0" timestamp="12 Jan 2023 09:12:09 GMT" skipped="0">
  <testcase classname="com.project.testcase.BankManagerLoginTest" name="loginAsBankManager" time="1.741"/>
</testsuite> <!-- com.project.testcase.BankManagerLoginTest -->
