<?xml version="1.0" encoding="UTF-8"?>
<!-- Generated by org.testng.reporters.JUnitReportReporter -->
<testsuite hostname="LAPTOP-A39METFF" failures="0" tests="1" name="com.project.testcase.AddCustomerTest" time="0.757" errors="0" timestamp="12 Jan 2023 09:12:09 GMT" skipped="0">
  <testcase classname="com.project.testcase.AddCustomerTest" name="addCustomer" time="0.757"/>
</testsuite> <!-- com.project.testcase.AddCustomerTest -->
