<?xml version="1.0" encoding="UTF-8"?>
<!-- Generated by org.testng.reporters.JUnitReportReporter -->
<testsuite hostname="LAPTOP-A39METFF" failures="0" tests="1" name="com.HRManet.TestCases.TC_LoginPage_001" time="1.945" errors="0" timestamp="09 Feb 2023 08:09:31 GMT" skipped="0">
  <testcase classname="com.HRManet.TestCases.TC_LoginPage_001" name="LoginTest" time="1.945"/>
</testsuite> <!-- com.HRManet.TestCases.TC_LoginPage_001 -->
