<?xml version="1.0" encoding="UTF-8"?>
<!-- Generated by org.testng.reporters.JUnitReportReporter -->
<testsuite skipped="0" hostname="SARITHA-PC" name="com.parallel.Testparallelone" tests="2" failures="0" timestamp="3 Feb 2017 00:11:32 GMT" time="0.039" errors="0">
  <testcase name="testCaseOne" time="0.030" classname="com.parallel.Testparallelone"/>
  <testcase name="testCaseTwo" time="0.009" classname="com.parallel.Testparallelone"/>
</testsuite> <!-- com.parallel.Testparallelone -->
