<?xml version="1.0" encoding="UTF-8"?>
<!-- Generated by org.testng.reporters.JUnitReportReporter -->
<testsuite hostname="SARITHA-PC" name="com.second.prg.demo3" tests="2" failures="0" timestamp="15 Jul 2016 16:07:39 GMT" time="0.005" errors="0">
  <testcase name="secondTestCase" time="0.002" classname="com.second.prg.demo3"/>
  <testcase name="firstTestCase" time="0.003" classname="com.second.prg.demo3"/>
</testsuite> <!-- com.second.prg.demo3 -->
