<?xml version="1.0" encoding="UTF-8"?>
<!-- Generated by org.testng.reporters.JUnitReportReporter -->
<testsuite hostname="LAPTOP-A39METFF" failures="0" tests="2" name="com.first.prg.demo2" time="0.020" errors="0" timestamp="2023-01-08T10:33:58 IST" skipped="0">
  <testcase classname="com.first.prg.demo2" name="firstTestCase" time="0.017"/>
  <system-out/>
  <testcase classname="com.first.prg.demo2" name="secondTestCase" time="0.003"/>
  <system-out/>
</testsuite> <!-- com.first.prg.demo2 -->
